<?xml version="1.0" encoding="UTF-8"?>
<testsuite name="com.qa25.trips.tests.RoutesPageTests" tests="5" skipped="0" failures="2" errors="0" timestamp="2021-01-24T14:33:24" hostname="JULIABOOK" time="63.394">
  <properties/>
  <testcase name="TotalsValidationTest[0](Cities names: FROM city: Rome, TO city: Kiev)" classname="com.qa25.trips.tests.RoutesPageTests" time="16.0"/>
  <testcase name="TotalsValidationTest[1](Cities names: FROM city: Paris, TO city: Prague)" classname="com.qa25.trips.tests.RoutesPageTests" time="10.236">
    <failure message="java.lang.IndexOutOfBoundsException: Index: 0, Size: 0" type="java.lang.IndexOutOfBoundsException">java.lang.IndexOutOfBoundsException: Index: 0, Size: 0
	at java.util.ArrayList.rangeCheck(ArrayList.java:657)
	at java.util.ArrayList.get(ArrayList.java:433)
	at com.qa25.trips.fw.SearchPage.fillFromField(SearchPage.java:21)
	at com.qa25.trips.tests.RoutesPageTests.TotalsValidationTest(RoutesPageTests.java:30)
	at sun.reflect.NativeMethodAccessorImpl.invoke0(Native Method)
	at sun.reflect.NativeMethodAccessorImpl.invoke(NativeMethodAccessorImpl.java:62)
	at sun.reflect.DelegatingMethodAccessorImpl.invoke(DelegatingMethodAccessorImpl.java:43)
	at java.lang.reflect.Method.invoke(Method.java:498)
	at org.testng.internal.MethodInvocationHelper.invokeMethod(MethodInvocationHelper.java:134)
	at org.testng.internal.TestInvoker.invokeMethod(TestInvoker.java:597)
	at org.testng.internal.TestInvoker.invokeTestMethod(TestInvoker.java:173)
	at org.testng.internal.MethodRunner.runInSequence(MethodRunner.java:46)
	at org.testng.internal.TestInvoker$MethodInvocationAgent.invoke(TestInvoker.java:816)
	at org.testng.internal.TestInvoker.invokeTestMethods(TestInvoker.java:146)
	at org.testng.internal.TestMethodWorker.invokeTestMethods(TestMethodWorker.java:146)
	at org.testng.internal.TestMethodWorker.run(TestMethodWorker.java:128)
	at java.util.ArrayList.forEach(ArrayList.java:1257)
	at org.testng.TestRunner.privateRun(TestRunner.java:766)
	at org.testng.TestRunner.run(TestRunner.java:587)
	at org.testng.SuiteRunner.runTest(SuiteRunner.java:384)
	at org.testng.SuiteRunner.runSequentially(SuiteRunner.java:378)
	at org.testng.SuiteRunner.privateRun(SuiteRunner.java:337)
	at org.testng.SuiteRunner.run(SuiteRunner.java:286)
	at org.testng.SuiteRunnerWorker.runSuite(SuiteRunnerWorker.java:53)
	at org.testng.SuiteRunnerWorker.run(SuiteRunnerWorker.java:96)
	at org.testng.TestNG.runSuitesSequentially(TestNG.java:1187)
	at org.testng.TestNG.runSuitesLocally(TestNG.java:1109)
	at org.testng.TestNG.runSuites(TestNG.java:1039)
	at org.testng.TestNG.run(TestNG.java:1007)
	at org.gradle.api.internal.tasks.testing.testng.TestNGTestClassProcessor.runTests(TestNGTestClassProcessor.java:141)
	at org.gradle.api.internal.tasks.testing.testng.TestNGTestClassProcessor.stop(TestNGTestClassProcessor.java:90)
	at org.gradle.api.internal.tasks.testing.SuiteTestClassProcessor.stop(SuiteTestClassProcessor.java:61)
	at sun.reflect.NativeMethodAccessorImpl.invoke0(Native Method)
	at sun.reflect.NativeMethodAccessorImpl.invoke(NativeMethodAccessorImpl.java:62)
	at sun.reflect.DelegatingMethodAccessorImpl.invoke(DelegatingMethodAccessorImpl.java:43)
	at java.lang.reflect.Method.invoke(Method.java:498)
	at org.gradle.internal.dispatch.ReflectionDispatch.dispatch(ReflectionDispatch.java:36)
	at org.gradle.internal.dispatch.ReflectionDispatch.dispatch(ReflectionDispatch.java:24)
	at org.gradle.internal.dispatch.ContextClassLoaderDispatch.dispatch(ContextClassLoaderDispatch.java:33)
	at org.gradle.internal.dispatch.ProxyDispatchAdapter$DispatchingInvocationHandler.invoke(ProxyDispatchAdapter.java:94)
	at com.sun.proxy.$Proxy2.stop(Unknown Source)
	at org.gradle.api.internal.tasks.testing.worker.TestWorker.stop(TestWorker.java:132)
	at sun.reflect.NativeMethodAccessorImpl.invoke0(Native Method)
	at sun.reflect.NativeMethodAccessorImpl.invoke(NativeMethodAccessorImpl.java:62)
	at sun.reflect.DelegatingMethodAccessorImpl.invoke(DelegatingMethodAccessorImpl.java:43)
	at java.lang.reflect.Method.invoke(Method.java:498)
	at org.gradle.internal.dispatch.ReflectionDispatch.dispatch(ReflectionDispatch.java:36)
	at org.gradle.internal.dispatch.ReflectionDispatch.dispatch(ReflectionDispatch.java:24)
	at org.gradle.internal.remote.internal.hub.MessageHubBackedObjectConnection$DispatchWrapper.dispatch(MessageHubBackedObjectConnection.java:182)
	at org.gradle.internal.remote.internal.hub.MessageHubBackedObjectConnection$DispatchWrapper.dispatch(MessageHubBackedObjectConnection.java:164)
	at org.gradle.internal.remote.internal.hub.MessageHub$Handler.run(MessageHub.java:412)
	at org.gradle.internal.concurrent.ExecutorPolicy$CatchAndRecordFailures.onExecute(ExecutorPolicy.java:64)
	at org.gradle.internal.concurrent.ManagedExecutorImpl$1.run(ManagedExecutorImpl.java:48)
	at java.util.concurrent.ThreadPoolExecutor.runWorker(ThreadPoolExecutor.java:1149)
	at java.util.concurrent.ThreadPoolExecutor$Worker.run(ThreadPoolExecutor.java:624)
	at org.gradle.internal.concurrent.ThreadFactoryImpl$ManagedThreadRunnable.run(ThreadFactoryImpl.java:56)
	at java.lang.Thread.run(Thread.java:748)
</failure>
  </testcase>
  <testcase name="TotalsValidationTest[2](Cities names: FROM city: Moscow, TO city: Tel-Aviv)" classname="com.qa25.trips.tests.RoutesPageTests" time="10.202"/>
  <testcase name="TotalsValidationTest[3](Cities names: FROM city: Moscow, TO city: Kiev)" classname="com.qa25.trips.tests.RoutesPageTests" time="10.23">
    <failure message="java.lang.IndexOutOfBoundsException: Index: 0, Size: 0" type="java.lang.IndexOutOfBoundsException">java.lang.IndexOutOfBoundsException: Index: 0, Size: 0
	at java.util.ArrayList.rangeCheck(ArrayList.java:657)
	at java.util.ArrayList.get(ArrayList.java:433)
	at com.qa25.trips.fw.SearchPage.fillFromField(SearchPage.java:21)
	at com.qa25.trips.tests.RoutesPageTests.TotalsValidationTest(RoutesPageTests.java:30)
	at sun.reflect.NativeMethodAccessorImpl.invoke0(Native Method)
	at sun.reflect.NativeMethodAccessorImpl.invoke(NativeMethodAccessorImpl.java:62)
	at sun.reflect.DelegatingMethodAccessorImpl.invoke(DelegatingMethodAccessorImpl.java:43)
	at java.lang.reflect.Method.invoke(Method.java:498)
	at org.testng.internal.MethodInvocationHelper.invokeMethod(MethodInvocationHelper.java:134)
	at org.testng.internal.TestInvoker.invokeMethod(TestInvoker.java:597)
	at org.testng.internal.TestInvoker.invokeTestMethod(TestInvoker.java:173)
	at org.testng.internal.MethodRunner.runInSequence(MethodRunner.java:46)
	at org.testng.internal.TestInvoker$MethodInvocationAgent.invoke(TestInvoker.java:816)
	at org.testng.internal.TestInvoker.invokeTestMethods(TestInvoker.java:146)
	at org.testng.internal.TestMethodWorker.invokeTestMethods(TestMethodWorker.java:146)
	at org.testng.internal.TestMethodWorker.run(TestMethodWorker.java:128)
	at java.util.ArrayList.forEach(ArrayList.java:1257)
	at org.testng.TestRunner.privateRun(TestRunner.java:766)
	at org.testng.TestRunner.run(TestRunner.java:587)
	at org.testng.SuiteRunner.runTest(SuiteRunner.java:384)
	at org.testng.SuiteRunner.runSequentially(SuiteRunner.java:378)
	at org.testng.SuiteRunner.privateRun(SuiteRunner.java:337)
	at org.testng.SuiteRunner.run(SuiteRunner.java:286)
	at org.testng.SuiteRunnerWorker.runSuite(SuiteRunnerWorker.java:53)
	at org.testng.SuiteRunnerWorker.run(SuiteRunnerWorker.java:96)
	at org.testng.TestNG.runSuitesSequentially(TestNG.java:1187)
	at org.testng.TestNG.runSuitesLocally(TestNG.java:1109)
	at org.testng.TestNG.runSuites(TestNG.java:1039)
	at org.testng.TestNG.run(TestNG.java:1007)
	at org.gradle.api.internal.tasks.testing.testng.TestNGTestClassProcessor.runTests(TestNGTestClassProcessor.java:141)
	at org.gradle.api.internal.tasks.testing.testng.TestNGTestClassProcessor.stop(TestNGTestClassProcessor.java:90)
	at org.gradle.api.internal.tasks.testing.SuiteTestClassProcessor.stop(SuiteTestClassProcessor.java:61)
	at sun.reflect.NativeMethodAccessorImpl.invoke0(Native Method)
	at sun.reflect.NativeMethodAccessorImpl.invoke(NativeMethodAccessorImpl.java:62)
	at sun.reflect.DelegatingMethodAccessorImpl.invoke(DelegatingMethodAccessorImpl.java:43)
	at java.lang.reflect.Method.invoke(Method.java:498)
	at org.gradle.internal.dispatch.ReflectionDispatch.dispatch(ReflectionDispatch.java:36)
	at org.gradle.internal.dispatch.ReflectionDispatch.dispatch(ReflectionDispatch.java:24)
	at org.gradle.internal.dispatch.ContextClassLoaderDispatch.dispatch(ContextClassLoaderDispatch.java:33)
	at org.gradle.internal.dispatch.ProxyDispatchAdapter$DispatchingInvocationHandler.invoke(ProxyDispatchAdapter.java:94)
	at com.sun.proxy.$Proxy2.stop(Unknown Source)
	at org.gradle.api.internal.tasks.testing.worker.TestWorker.stop(TestWorker.java:132)
	at sun.reflect.NativeMethodAccessorImpl.invoke0(Native Method)
	at sun.reflect.NativeMethodAccessorImpl.invoke(NativeMethodAccessorImpl.java:62)
	at sun.reflect.DelegatingMethodAccessorImpl.invoke(DelegatingMethodAccessorImpl.java:43)
	at java.lang.reflect.Method.invoke(Method.java:498)
	at org.gradle.internal.dispatch.ReflectionDispatch.dispatch(ReflectionDispatch.java:36)
	at org.gradle.internal.dispatch.ReflectionDispatch.dispatch(ReflectionDispatch.java:24)
	at org.gradle.internal.remote.internal.hub.MessageHubBackedObjectConnection$DispatchWrapper.dispatch(MessageHubBackedObjectConnection.java:182)
	at org.gradle.internal.remote.internal.hub.MessageHubBackedObjectConnection$DispatchWrapper.dispatch(MessageHubBackedObjectConnection.java:164)
	at org.gradle.internal.remote.internal.hub.MessageHub$Handler.run(MessageHub.java:412)
	at org.gradle.internal.concurrent.ExecutorPolicy$CatchAndRecordFailures.onExecute(ExecutorPolicy.java:64)
	at org.gradle.internal.concurrent.ManagedExecutorImpl$1.run(ManagedExecutorImpl.java:48)
	at java.util.concurrent.ThreadPoolExecutor.runWorker(ThreadPoolExecutor.java:1149)
	at java.util.concurrent.ThreadPoolExecutor$Worker.run(ThreadPoolExecutor.java:624)
	at org.gradle.internal.concurrent.ThreadFactoryImpl$ManagedThreadRunnable.run(ThreadFactoryImpl.java:56)
	at java.lang.Thread.run(Thread.java:748)
</failure>
  </testcase>
  <testcase name="TotalsValidationTest[4](Cities names: FROM city: Barcelona, TO city: Glasgow)" classname="com.qa25.trips.tests.RoutesPageTests" time="15.897"/>
  <system-out><![CDATA[16:33:24.176 INFO  com.qa25.trips.tests.TestBase - Start test: TotalsValidationTest
16:33:24.183 INFO  com.qa25.trips.tests.TestBase -  --> With data: [Cities names: FROM city: Rome, TO city: Kiev]
16:33:37.345 INFO  com.qa25.trips.tests.TestBase - Route#1: differences between total and subtotal durations = 0, between total and subtotal prices = 0.0
16:33:38.535 INFO  com.qa25.trips.tests.TestBase - Route#2: differences between total and subtotal durations = 0, between total and subtotal prices = 0.0
16:33:39.842 INFO  com.qa25.trips.tests.TestBase - Route#3: differences between total and subtotal durations = 0, between total and subtotal prices = 0.0
16:33:40.191 INFO  com.qa25.trips.tests.TestBase - Test result: PASSED
16:33:40.191 INFO  com.qa25.trips.tests.TestBase - Stop test: TotalsValidationTest
16:33:40.192 INFO  com.qa25.trips.tests.TestBase - ======================================================
16:33:40.194 INFO  com.qa25.trips.tests.TestBase - Start test: TotalsValidationTest
16:33:40.195 INFO  com.qa25.trips.tests.TestBase -  --> With data: [Cities names: FROM city: Paris, TO city: Prague]
16:33:50.438 ERROR com.qa25.trips.tests.TestBase - Test result: FAILED
16:33:50.847 INFO  com.qa25.trips.tests.TestBase - Screenshot: C:\Users\Admin\Documents\gitHub\Trips\screenshot_1611498830838.png
16:33:50.848 INFO  com.qa25.trips.tests.TestBase - Stop test: TotalsValidationTest
16:33:50.848 INFO  com.qa25.trips.tests.TestBase - ======================================================
16:33:50.849 INFO  com.qa25.trips.tests.TestBase - Start test: TotalsValidationTest
16:33:50.849 INFO  com.qa25.trips.tests.TestBase -  --> With data: [Cities names: FROM city: Moscow, TO city: Tel-Aviv]
16:33:56.727 INFO  com.qa25.trips.tests.TestBase -    --> Error message: Sorry, only Latin characteres are allowed now.
16:33:56.728 INFO  com.qa25.trips.tests.TestBase -    --> Test is fail, but should be pass
16:33:59.477 INFO  com.qa25.trips.tests.TestBase - Route#1: differences between total and subtotal durations = 0, between total and subtotal prices = 1.0
16:34:00.716 INFO  com.qa25.trips.tests.TestBase - Route#2: differences between total and subtotal durations = 0, between total and subtotal prices = 1.0
16:34:01.051 INFO  com.qa25.trips.tests.TestBase - Test result: PASSED
16:34:01.052 INFO  com.qa25.trips.tests.TestBase - Stop test: TotalsValidationTest
16:34:01.052 INFO  com.qa25.trips.tests.TestBase - ======================================================
16:34:01.052 INFO  com.qa25.trips.tests.TestBase - Start test: TotalsValidationTest
16:34:01.053 INFO  com.qa25.trips.tests.TestBase -  --> With data: [Cities names: FROM city: Moscow, TO city: Kiev]
16:34:11.285 ERROR com.qa25.trips.tests.TestBase - Test result: FAILED
16:34:11.682 INFO  com.qa25.trips.tests.TestBase - Screenshot: C:\Users\Admin\Documents\gitHub\Trips\screenshot_1611498851681.png
16:34:11.682 INFO  com.qa25.trips.tests.TestBase - Stop test: TotalsValidationTest
16:34:11.682 INFO  com.qa25.trips.tests.TestBase - ======================================================
16:34:11.683 INFO  com.qa25.trips.tests.TestBase - Start test: TotalsValidationTest
16:34:11.684 INFO  com.qa25.trips.tests.TestBase -  --> With data: [Cities names: FROM city: Barcelona, TO city: Glasgow]
16:34:24.761 INFO  com.qa25.trips.tests.TestBase - Route#1: differences between total and subtotal durations = 0, between total and subtotal prices = 1.0
16:34:25.997 INFO  com.qa25.trips.tests.TestBase - Route#2: differences between total and subtotal durations = 0, between total and subtotal prices = 0.0
16:34:27.249 INFO  com.qa25.trips.tests.TestBase - Route#3: differences between total and subtotal durations = 0, between total and subtotal prices = 0.0
16:34:27.582 INFO  com.qa25.trips.tests.TestBase - Test result: PASSED
16:34:27.583 INFO  com.qa25.trips.tests.TestBase - Stop test: TotalsValidationTest
16:34:27.584 INFO  com.qa25.trips.tests.TestBase - ======================================================
]]></system-out>
  <system-err><![CDATA[]]></system-err>
</testsuite>
