<!DOCTYPE html>
<html>
<head>
<meta http-equiv="Content-Type" content="text/html; charset=utf-8"/>
<meta http-equiv="x-ua-compatible" content="IE=edge"/>
<title>Test results - Class com.qa25.trips.tests.RoutesPageTests</title>
<link href="../css/base-style.css" rel="stylesheet" type="text/css"/>
<link href="../css/style.css" rel="stylesheet" type="text/css"/>
<script src="../js/report.js" type="text/javascript"></script>
</head>
<body>
<div id="content">
<h1>Class com.qa25.trips.tests.RoutesPageTests</h1>
<div class="breadcrumbs">
<a href="../index.html">all</a> &gt; 
<a href="../packages/com.qa25.trips.tests.html">com.qa25.trips.tests</a> &gt; RoutesPageTests</div>
<div id="summary">
<table>
<tr>
<td>
<div class="summaryGroup">
<table>
<tr>
<td>
<div class="infoBox" id="tests">
<div class="counter">5</div>
<p>tests</p>
</div>
</td>
<td>
<div class="infoBox" id="failures">
<div class="counter">2</div>
<p>failures</p>
</div>
</td>
<td>
<div class="infoBox" id="ignored">
<div class="counter">0</div>
<p>ignored</p>
</div>
</td>
<td>
<div class="infoBox" id="duration">
<div class="counter">1m2.57s</div>
<p>duration</p>
</div>
</td>
</tr>
</table>
</div>
</td>
<td>
<div class="infoBox failures" id="successRate">
<div class="percent">60%</div>
<p>successful</p>
</div>
</td>
</tr>
</table>
</div>
<div id="tabs">
<ul class="tabLinks">
<li>
<a href="#tab0">Failed tests</a>
</li>
<li>
<a href="#tab1">Tests</a>
</li>
<li>
<a href="#tab2">Standard output</a>
</li>
</ul>
<div id="tab0" class="tab">
<h2>Failed tests</h2>
<div class="test">
<a name="TotalsValidationTest[1](Cities names: FROM city: Paris, TO city: Prague)"></a>
<h3 class="failures">TotalsValidationTest[1](Cities names: FROM city: Paris, TO city: Prague)</h3>
<span class="code">
<pre>java.lang.IndexOutOfBoundsException: Index: 0, Size: 0
	at java.util.ArrayList.rangeCheck(ArrayList.java:657)
	at java.util.ArrayList.get(ArrayList.java:433)
	at com.qa25.trips.fw.SearchPage.fillFromField(SearchPage.java:21)
	at com.qa25.trips.tests.RoutesPageTests.TotalsValidationTest(RoutesPageTests.java:30)
	at sun.reflect.NativeMethodAccessorImpl.invoke0(Native Method)
	at sun.reflect.NativeMethodAccessorImpl.invoke(NativeMethodAccessorImpl.java:62)
	at sun.reflect.DelegatingMethodAccessorImpl.invoke(DelegatingMethodAccessorImpl.java:43)
	at java.lang.reflect.Method.invoke(Method.java:498)
	at org.testng.internal.MethodInvocationHelper.invokeMethod(MethodInvocationHelper.java:134)
	at org.testng.internal.TestInvoker.invokeMethod(TestInvoker.java:597)
	at org.testng.internal.TestInvoker.invokeTestMethod(TestInvoker.java:173)
	at org.testng.internal.MethodRunner.runInSequence(MethodRunner.java:46)
	at org.testng.internal.TestInvoker$MethodInvocationAgent.invoke(TestInvoker.java:816)
	at org.testng.internal.TestInvoker.invokeTestMethods(TestInvoker.java:146)
	at org.testng.internal.TestMethodWorker.invokeTestMethods(TestMethodWorker.java:146)
	at org.testng.internal.TestMethodWorker.run(TestMethodWorker.java:128)
	at java.util.ArrayList.forEach(ArrayList.java:1257)
	at org.testng.TestRunner.privateRun(TestRunner.java:766)
	at org.testng.TestRunner.run(TestRunner.java:587)
	at org.testng.SuiteRunner.runTest(SuiteRunner.java:384)
	at org.testng.SuiteRunner.runSequentially(SuiteRunner.java:378)
	at org.testng.SuiteRunner.privateRun(SuiteRunner.java:337)
	at org.testng.SuiteRunner.run(SuiteRunner.java:286)
	at org.testng.SuiteRunnerWorker.runSuite(SuiteRunnerWorker.java:53)
	at org.testng.SuiteRunnerWorker.run(SuiteRunnerWorker.java:96)
	at org.testng.TestNG.runSuitesSequentially(TestNG.java:1187)
	at org.testng.TestNG.runSuitesLocally(TestNG.java:1109)
	at org.testng.TestNG.runSuites(TestNG.java:1039)
	at org.testng.TestNG.run(TestNG.java:1007)
	at org.gradle.api.internal.tasks.testing.testng.TestNGTestClassProcessor.runTests(TestNGTestClassProcessor.java:141)
	at org.gradle.api.internal.tasks.testing.testng.TestNGTestClassProcessor.stop(TestNGTestClassProcessor.java:90)
	at org.gradle.api.internal.tasks.testing.SuiteTestClassProcessor.stop(SuiteTestClassProcessor.java:61)
	at sun.reflect.NativeMethodAccessorImpl.invoke0(Native Method)
	at sun.reflect.NativeMethodAccessorImpl.invoke(NativeMethodAccessorImpl.java:62)
	at sun.reflect.DelegatingMethodAccessorImpl.invoke(DelegatingMethodAccessorImpl.java:43)
	at java.lang.reflect.Method.invoke(Method.java:498)
	at org.gradle.internal.dispatch.ReflectionDispatch.dispatch(ReflectionDispatch.java:36)
	at org.gradle.internal.dispatch.ReflectionDispatch.dispatch(ReflectionDispatch.java:24)
	at org.gradle.internal.dispatch.ContextClassLoaderDispatch.dispatch(ContextClassLoaderDispatch.java:33)
	at org.gradle.internal.dispatch.ProxyDispatchAdapter$DispatchingInvocationHandler.invoke(ProxyDispatchAdapter.java:94)
	at com.sun.proxy.$Proxy2.stop(Unknown Source)
	at org.gradle.api.internal.tasks.testing.worker.TestWorker.stop(TestWorker.java:132)
	at sun.reflect.NativeMethodAccessorImpl.invoke0(Native Method)
	at sun.reflect.NativeMethodAccessorImpl.invoke(NativeMethodAccessorImpl.java:62)
	at sun.reflect.DelegatingMethodAccessorImpl.invoke(DelegatingMethodAccessorImpl.java:43)
	at java.lang.reflect.Method.invoke(Method.java:498)
	at org.gradle.internal.dispatch.ReflectionDispatch.dispatch(ReflectionDispatch.java:36)
	at org.gradle.internal.dispatch.ReflectionDispatch.dispatch(ReflectionDispatch.java:24)
	at org.gradle.internal.remote.internal.hub.MessageHubBackedObjectConnection$DispatchWrapper.dispatch(MessageHubBackedObjectConnection.java:182)
	at org.gradle.internal.remote.internal.hub.MessageHubBackedObjectConnection$DispatchWrapper.dispatch(MessageHubBackedObjectConnection.java:164)
	at org.gradle.internal.remote.internal.hub.MessageHub$Handler.run(MessageHub.java:412)
	at org.gradle.internal.concurrent.ExecutorPolicy$CatchAndRecordFailures.onExecute(ExecutorPolicy.java:64)
	at org.gradle.internal.concurrent.ManagedExecutorImpl$1.run(ManagedExecutorImpl.java:48)
	at java.util.concurrent.ThreadPoolExecutor.runWorker(ThreadPoolExecutor.java:1149)
	at java.util.concurrent.ThreadPoolExecutor$Worker.run(ThreadPoolExecutor.java:624)
	at org.gradle.internal.concurrent.ThreadFactoryImpl$ManagedThreadRunnable.run(ThreadFactoryImpl.java:56)
	at java.lang.Thread.run(Thread.java:748)
</pre>
</span>
</div>
<div class="test">
<a name="TotalsValidationTest[3](Cities names: FROM city: Moscow, TO city: Kiev)"></a>
<h3 class="failures">TotalsValidationTest[3](Cities names: FROM city: Moscow, TO city: Kiev)</h3>
<span class="code">
<pre>java.lang.IndexOutOfBoundsException: Index: 0, Size: 0
	at java.util.ArrayList.rangeCheck(ArrayList.java:657)
	at java.util.ArrayList.get(ArrayList.java:433)
	at com.qa25.trips.fw.SearchPage.fillFromField(SearchPage.java:21)
	at com.qa25.trips.tests.RoutesPageTests.TotalsValidationTest(RoutesPageTests.java:30)
	at sun.reflect.NativeMethodAccessorImpl.invoke0(Native Method)
	at sun.reflect.NativeMethodAccessorImpl.invoke(NativeMethodAccessorImpl.java:62)
	at sun.reflect.DelegatingMethodAccessorImpl.invoke(DelegatingMethodAccessorImpl.java:43)
	at java.lang.reflect.Method.invoke(Method.java:498)
	at org.testng.internal.MethodInvocationHelper.invokeMethod(MethodInvocationHelper.java:134)
	at org.testng.internal.TestInvoker.invokeMethod(TestInvoker.java:597)
	at org.testng.internal.TestInvoker.invokeTestMethod(TestInvoker.java:173)
	at org.testng.internal.MethodRunner.runInSequence(MethodRunner.java:46)
	at org.testng.internal.TestInvoker$MethodInvocationAgent.invoke(TestInvoker.java:816)
	at org.testng.internal.TestInvoker.invokeTestMethods(TestInvoker.java:146)
	at org.testng.internal.TestMethodWorker.invokeTestMethods(TestMethodWorker.java:146)
	at org.testng.internal.TestMethodWorker.run(TestMethodWorker.java:128)
	at java.util.ArrayList.forEach(ArrayList.java:1257)
	at org.testng.TestRunner.privateRun(TestRunner.java:766)
	at org.testng.TestRunner.run(TestRunner.java:587)
	at org.testng.SuiteRunner.runTest(SuiteRunner.java:384)
	at org.testng.SuiteRunner.runSequentially(SuiteRunner.java:378)
	at org.testng.SuiteRunner.privateRun(SuiteRunner.java:337)
	at org.testng.SuiteRunner.run(SuiteRunner.java:286)
	at org.testng.SuiteRunnerWorker.runSuite(SuiteRunnerWorker.java:53)
	at org.testng.SuiteRunnerWorker.run(SuiteRunnerWorker.java:96)
	at org.testng.TestNG.runSuitesSequentially(TestNG.java:1187)
	at org.testng.TestNG.runSuitesLocally(TestNG.java:1109)
	at org.testng.TestNG.runSuites(TestNG.java:1039)
	at org.testng.TestNG.run(TestNG.java:1007)
	at org.gradle.api.internal.tasks.testing.testng.TestNGTestClassProcessor.runTests(TestNGTestClassProcessor.java:141)
	at org.gradle.api.internal.tasks.testing.testng.TestNGTestClassProcessor.stop(TestNGTestClassProcessor.java:90)
	at org.gradle.api.internal.tasks.testing.SuiteTestClassProcessor.stop(SuiteTestClassProcessor.java:61)
	at sun.reflect.NativeMethodAccessorImpl.invoke0(Native Method)
	at sun.reflect.NativeMethodAccessorImpl.invoke(NativeMethodAccessorImpl.java:62)
	at sun.reflect.DelegatingMethodAccessorImpl.invoke(DelegatingMethodAccessorImpl.java:43)
	at java.lang.reflect.Method.invoke(Method.java:498)
	at org.gradle.internal.dispatch.ReflectionDispatch.dispatch(ReflectionDispatch.java:36)
	at org.gradle.internal.dispatch.ReflectionDispatch.dispatch(ReflectionDispatch.java:24)
	at org.gradle.internal.dispatch.ContextClassLoaderDispatch.dispatch(ContextClassLoaderDispatch.java:33)
	at org.gradle.internal.dispatch.ProxyDispatchAdapter$DispatchingInvocationHandler.invoke(ProxyDispatchAdapter.java:94)
	at com.sun.proxy.$Proxy2.stop(Unknown Source)
	at org.gradle.api.internal.tasks.testing.worker.TestWorker.stop(TestWorker.java:132)
	at sun.reflect.NativeMethodAccessorImpl.invoke0(Native Method)
	at sun.reflect.NativeMethodAccessorImpl.invoke(NativeMethodAccessorImpl.java:62)
	at sun.reflect.DelegatingMethodAccessorImpl.invoke(DelegatingMethodAccessorImpl.java:43)
	at java.lang.reflect.Method.invoke(Method.java:498)
	at org.gradle.internal.dispatch.ReflectionDispatch.dispatch(ReflectionDispatch.java:36)
	at org.gradle.internal.dispatch.ReflectionDispatch.dispatch(ReflectionDispatch.java:24)
	at org.gradle.internal.remote.internal.hub.MessageHubBackedObjectConnection$DispatchWrapper.dispatch(MessageHubBackedObjectConnection.java:182)
	at org.gradle.internal.remote.internal.hub.MessageHubBackedObjectConnection$DispatchWrapper.dispatch(MessageHubBackedObjectConnection.java:164)
	at org.gradle.internal.remote.internal.hub.MessageHub$Handler.run(MessageHub.java:412)
	at org.gradle.internal.concurrent.ExecutorPolicy$CatchAndRecordFailures.onExecute(ExecutorPolicy.java:64)
	at org.gradle.internal.concurrent.ManagedExecutorImpl$1.run(ManagedExecutorImpl.java:48)
	at java.util.concurrent.ThreadPoolExecutor.runWorker(ThreadPoolExecutor.java:1149)
	at java.util.concurrent.ThreadPoolExecutor$Worker.run(ThreadPoolExecutor.java:624)
	at org.gradle.internal.concurrent.ThreadFactoryImpl$ManagedThreadRunnable.run(ThreadFactoryImpl.java:56)
	at java.lang.Thread.run(Thread.java:748)
</pre>
</span>
</div>
</div>
<div id="tab1" class="tab">
<h2>Tests</h2>
<table>
<thead>
<tr>
<th>Test</th>
<th>Duration</th>
<th>Result</th>
</tr>
</thead>
<tr>
<td class="success">TotalsValidationTest[0](Cities names: FROM city: Rome, TO city: Kiev)</td>
<td class="success">16.000s</td>
<td class="success">passed</td>
</tr>
<tr>
<td class="failures">TotalsValidationTest[1](Cities names: FROM city: Paris, TO city: Prague)</td>
<td class="failures">10.236s</td>
<td class="failures">failed</td>
</tr>
<tr>
<td class="success">TotalsValidationTest[2](Cities names: FROM city: Moscow, TO city: Tel-Aviv)</td>
<td class="success">10.202s</td>
<td class="success">passed</td>
</tr>
<tr>
<td class="failures">TotalsValidationTest[3](Cities names: FROM city: Moscow, TO city: Kiev)</td>
<td class="failures">10.230s</td>
<td class="failures">failed</td>
</tr>
<tr>
<td class="success">TotalsValidationTest[4](Cities names: FROM city: Barcelona, TO city: Glasgow)</td>
<td class="success">15.897s</td>
<td class="success">passed</td>
</tr>
</table>
</div>
<div id="tab2" class="tab">
<h2>Standard output</h2>
<span class="code">
<pre>16:33:24.176 INFO  com.qa25.trips.tests.TestBase - Start test: TotalsValidationTest
16:33:24.183 INFO  com.qa25.trips.tests.TestBase -  --&gt; With data: [Cities names: FROM city: Rome, TO city: Kiev]
16:33:37.345 INFO  com.qa25.trips.tests.TestBase - Route#1: differences between total and subtotal durations = 0, between total and subtotal prices = 0.0
16:33:38.535 INFO  com.qa25.trips.tests.TestBase - Route#2: differences between total and subtotal durations = 0, between total and subtotal prices = 0.0
16:33:39.842 INFO  com.qa25.trips.tests.TestBase - Route#3: differences between total and subtotal durations = 0, between total and subtotal prices = 0.0
16:33:40.191 INFO  com.qa25.trips.tests.TestBase - Test result: PASSED
16:33:40.191 INFO  com.qa25.trips.tests.TestBase - Stop test: TotalsValidationTest
16:33:40.192 INFO  com.qa25.trips.tests.TestBase - ======================================================
16:33:40.194 INFO  com.qa25.trips.tests.TestBase - Start test: TotalsValidationTest
16:33:40.195 INFO  com.qa25.trips.tests.TestBase -  --&gt; With data: [Cities names: FROM city: Paris, TO city: Prague]
16:33:50.438 ERROR com.qa25.trips.tests.TestBase - Test result: FAILED
16:33:50.847 INFO  com.qa25.trips.tests.TestBase - Screenshot: C:\Users\Admin\Documents\gitHub\Trips\screenshot_1611498830838.png
16:33:50.848 INFO  com.qa25.trips.tests.TestBase - Stop test: TotalsValidationTest
16:33:50.848 INFO  com.qa25.trips.tests.TestBase - ======================================================
16:33:50.849 INFO  com.qa25.trips.tests.TestBase - Start test: TotalsValidationTest
16:33:50.849 INFO  com.qa25.trips.tests.TestBase -  --&gt; With data: [Cities names: FROM city: Moscow, TO city: Tel-Aviv]
16:33:56.727 INFO  com.qa25.trips.tests.TestBase -    --&gt; Error message: Sorry, only Latin characteres are allowed now.
16:33:56.728 INFO  com.qa25.trips.tests.TestBase -    --&gt; Test is fail, but should be pass
16:33:59.477 INFO  com.qa25.trips.tests.TestBase - Route#1: differences between total and subtotal durations = 0, between total and subtotal prices = 1.0
16:34:00.716 INFO  com.qa25.trips.tests.TestBase - Route#2: differences between total and subtotal durations = 0, between total and subtotal prices = 1.0
16:34:01.051 INFO  com.qa25.trips.tests.TestBase - Test result: PASSED
16:34:01.052 INFO  com.qa25.trips.tests.TestBase - Stop test: TotalsValidationTest
16:34:01.052 INFO  com.qa25.trips.tests.TestBase - ======================================================
16:34:01.052 INFO  com.qa25.trips.tests.TestBase - Start test: TotalsValidationTest
16:34:01.053 INFO  com.qa25.trips.tests.TestBase -  --&gt; With data: [Cities names: FROM city: Moscow, TO city: Kiev]
16:34:11.285 ERROR com.qa25.trips.tests.TestBase - Test result: FAILED
16:34:11.682 INFO  com.qa25.trips.tests.TestBase - Screenshot: C:\Users\Admin\Documents\gitHub\Trips\screenshot_1611498851681.png
16:34:11.682 INFO  com.qa25.trips.tests.TestBase - Stop test: TotalsValidationTest
16:34:11.682 INFO  com.qa25.trips.tests.TestBase - ======================================================
16:34:11.683 INFO  com.qa25.trips.tests.TestBase - Start test: TotalsValidationTest
16:34:11.684 INFO  com.qa25.trips.tests.TestBase -  --&gt; With data: [Cities names: FROM city: Barcelona, TO city: Glasgow]
16:34:24.761 INFO  com.qa25.trips.tests.TestBase - Route#1: differences between total and subtotal durations = 0, between total and subtotal prices = 1.0
16:34:25.997 INFO  com.qa25.trips.tests.TestBase - Route#2: differences between total and subtotal durations = 0, between total and subtotal prices = 0.0
16:34:27.249 INFO  com.qa25.trips.tests.TestBase - Route#3: differences between total and subtotal durations = 0, between total and subtotal prices = 0.0
16:34:27.582 INFO  com.qa25.trips.tests.TestBase - Test result: PASSED
16:34:27.583 INFO  com.qa25.trips.tests.TestBase - Stop test: TotalsValidationTest
16:34:27.584 INFO  com.qa25.trips.tests.TestBase - ======================================================
</pre>
</span>
</div>
</div>
<div id="footer">
<p>
<div>
<label class="hidden" id="label-for-line-wrapping-toggle" for="line-wrapping-toggle">Wrap lines
<input id="line-wrapping-toggle" type="checkbox" autocomplete="off"/>
</label>
</div>Generated by 
<a href="http://www.gradle.org">Gradle 6.3</a> at 24.01.2021 16:34:28</p>
</div>
</div>
</body>
</html>
